<?xml version="1.0" ?>
<ExportAPERO>
     <CalibrationInternConique>
          <KnownConv>eConvApero_DistM2C</KnownConv>
          <PP>1490.31034142322687 987.209868221794977</PP>
          <F>1392.29959533241845</F>
          <SzIm>3008 2000</SzIm>
          <RayonUtile>800</RayonUtile>
          <CalibDistortion>
               <ModUnif>
                    <TypeModele>eModele_FishEye_10_5_5</TypeModele>
                    <Params>1495.57162058272047</Params>
                    <Params>983.087527565567484</Params>
                    <Params>-0.0313291161168299109</Params>
                    <Params>-0.235766700416319114</Params>
                    <Params>0.874700923740064695</Params>
                    <Params>-1.08387890784583862</Params>
                    <Params>0</Params>
                    <Params>0</Params>
                    <Params>0</Params>
                    <Params>0</Params>
                    <Params>0</Params>
                    <Params>0</Params>
                    <Params>0</Params>
                    <Params>0</Params>
                    <Params>0</Params>
                    <Params>0</Params>
                    <Params>0</Params>
                    <Params>0</Params>
                    <Params>0</Params>
                    <Params>0</Params>
                    <Params>0</Params>
                    <Params>0</Params>
                    <Params>0</Params>
                    <Params>0</Params>
                    <Params>0</Params>
                    <Params>0</Params>
                    <Params>0</Params>
                    <Params>0</Params>
                    <Params>0</Params>
                    <Params>0</Params>
                    <Params>0</Params>
                    <Params>0</Params>
                    <Params>0</Params>
                    <Params>0</Params>
                    <Params>0</Params>
                    <Params>0</Params>
                    <Params>0</Params>
                    <Params>0</Params>
                    <Params>0</Params>
                    <Params>0</Params>
                    <Params>0</Params>
                    <Params>0</Params>
                    <Params>0</Params>
                    <Params>0</Params>
                    <Params>0</Params>
                    <Params>0</Params>
                    <Params>0</Params>
                    <Params>0</Params>
                    <Params>0</Params>
                    <Params>0</Params>
                    <Etats>1366</Etats>
               </ModUnif>
          </CalibDistortion>
     </CalibrationInternConique>
</ExportAPERO>
