<?xml version="1.0" ?>
<ExportAPERO>
     <CalibrationInternConique>
          <KnownConv>eConvApero_DistM2C</KnownConv>
          <PP>1490.31240964496965 987.231061225886151</PP>
          <F>1392.31094841163872</F>
          <SzIm>3008 2000</SzIm>
          <RayonUtile>800</RayonUtile>
          <CalibDistortion>
               <ModUnif>
                    <TypeModele>eModele_EquiSolid_FishEye_10_5_5</TypeModele>
                    <Params>1495.56546598567547</Params>
                    <Params>983.105633749535514</Params>
                    <Params>0.0118503501582461149</Params>
                    <Params>-0.258057680380859633</Params>
                    <Params>0.971265095306011905</Params>
                    <Params>-1.23448648818059992</Params>
                    <Params>0</Params>
                    <Params>0</Params>
                    <Params>0</Params>
                    <Params>0</Params>
                    <Params>0</Params>
                    <Params>0</Params>
                    <Params>0</Params>
                    <Params>0</Params>
                    <Params>0</Params>
                    <Params>0</Params>
                    <Params>0</Params>
                    <Params>0</Params>
                    <Params>0</Params>
                    <Params>0</Params>
                    <Params>0</Params>
                    <Params>0</Params>
                    <Params>0</Params>
                    <Params>0</Params>
                    <Params>0</Params>
                    <Params>0</Params>
                    <Params>0</Params>
                    <Params>0</Params>
                    <Params>0</Params>
                    <Params>0</Params>
                    <Params>0</Params>
                    <Params>0</Params>
                    <Params>0</Params>
                    <Params>0</Params>
                    <Params>0</Params>
                    <Params>0</Params>
                    <Params>0</Params>
                    <Params>0</Params>
                    <Params>0</Params>
                    <Params>0</Params>
                    <Params>0</Params>
                    <Params>0</Params>
                    <Params>0</Params>
                    <Params>0</Params>
                    <Params>0</Params>
                    <Params>0</Params>
                    <Params>0</Params>
                    <Params>0</Params>
                    <Params>0</Params>
                    <Params>0</Params>
                    <Etats>1366</Etats>
               </ModUnif>
          </CalibDistortion>
     </CalibrationInternConique>
</ExportAPERO>
