<?xml version="1.0" ?>
<!--
-->
<ExportAPERO>
     <CalibrationInternConique>
          <KnownConv>eConvApero_DistM2C</KnownConv>
          <PP>1504 1000</PP>
          <F>1365.86679160420886</F>
          <SzIm>3008 2000</SzIm>
          <RayonUtile>1600</RayonUtile>
          <CalibDistortion>
               <ModUnif>
                    <TypeModele>eModele_FishEye_10_5_5</TypeModele>
                    <Params>1504</Params>
                    <Params>1000</Params>
                    <Params>-0.865172044359230563</Params>
                    <Params>1.23161527066170007</Params>
                    <Params>-1.17251629769363808</Params>
                    <Params>0</Params>
                    <Params>0</Params>
                    <Params>0</Params>
                    <Params>0</Params>
                    <Params>0</Params>
                    <Params>0</Params>
                    <Params>0</Params>
                    <Params>0</Params>
                    <Params>0</Params>
                    <Params>0</Params>
                    <Params>0</Params>
                    <Params>0</Params>
                    <Params>0</Params>
                    <Params>0</Params>
                    <Params>0</Params>
                    <Params>0</Params>
                    <Params>0</Params>
                    <Params>0</Params>
                    <Params>0</Params>
                    <Params>0</Params>
                    <Params>0</Params>
                    <Params>0</Params>
                    <Params>0</Params>
                    <Params>0</Params>
                    <Params>0</Params>
                    <Params>0</Params>
                    <Params>0</Params>
                    <Params>0</Params>
                    <Params>0</Params>
                    <Params>0</Params>
                    <Params>0</Params>
                    <Params>0</Params>
                    <Params>0</Params>
                    <Params>0</Params>
                    <Params>0</Params>
                    <Params>0</Params>
                    <Params>0</Params>
                    <Params>0</Params>
                    <Params>0</Params>
                    <Params>0</Params>
                    <Params>0</Params>
                    <Params>0</Params>
                    <Params>0</Params>
                    <Params>0</Params>
                    <Params>0</Params>
                    <Etats>2409</Etats>
               </ModUnif>
          </CalibDistortion>
     </CalibrationInternConique>
</ExportAPERO>
