<Global
    Subst="@$#1"
>
   <ParamApero>

       <SectionBDD_Observation>
             <BDD_PtsLiaisons>
                 <Id>    Id_Pastis_Hom  </Id>
                 <KeySet> Key-Set-HomolPastisBin  </KeySet>
                 <UseAsPtMultiple> true </UseAsPtMultiple>
                 <KeyAssoc>  Key-Assoc-CpleIm2HomolPastisBin   </KeyAssoc>
             </BDD_PtsLiaisons>

             <BDD_Orient>
                  <Id > Id-Or </Id>
                  <KeySet> Key-Set-All-OrInit </KeySet>
                  <KeyAssoc> Key-Assoc-Im2OrInit </KeyAssoc>
             </BDD_Orient>

             

       </SectionBDD_Observation>

       <SectionInconnues>
             <CalibrationCameraInc>
                   <Name> TheKeyCalib </Name>
                   <CalValueInit>
                       <CalFromFileExtern>
		           <NameFile>   ${Calib} </NameFile>
			   <NameTag>    CalibrationInternConique </NameTag>
                       </CalFromFileExtern>
                   </CalValueInit>
              </CalibrationCameraInc>
              <PoseCameraInc>
	           <!-- 
	           <PatternName>  img_10(25|26|27|28|29)_MpDcraw8B_GR.tif  </PatternName>
                    -->
                   <PatternName>  img_10(49|50|51|52|53)_MpDcraw8B_GR.tif  </PatternName> 
	           <CalcNameCalib>  TheKeyCalib </CalcNameCalib>
                   <PosValueInit>
	               <PosFromBDOrient> Id-Or </PosFromBDOrient>
                   </PosValueInit>
              </PoseCameraInc>
        </SectionInconnues>


        <SectionChantier>
	     <DirectoryChantier> ThisDir </DirectoryChantier>
        </SectionChantier>

        <SectionSolveur>
	      <ModeResolution> eSysPlein </ModeResolution> 
        </SectionSolveur>


	<SectionCompensation>
	      <EtapeCompensation>
                    <IterationsCompensation>
		       <SectionContraintes>

		          <ContraintesCamerasInc>
		              <Val> eLiberteFocale_0  </Val>
		              <Val> eLib_PP_CD_00     </Val>
		              <Val> eLiberte_DR0      </Val>
		          </ContraintesCamerasInc>

		          <ContraintesPoses>
			     <NamePose>   .* </NamePose>
			     <Val>      ePoseFigee   </Val>
                             <ByPattern> true </ByPattern>
		          </ContraintesPoses>

		       </SectionContraintes>
                    </IterationsCompensation>

		    <SectionObservations>
                           <ObsLiaisons>
                              <NameRef> Id_Pastis_Hom </NameRef>
                              <Pond>
                                 <NbMinMultShowIndiv> 3 </NbMinMultShowIndiv>
                                 <GetChar> true </GetChar>
                                 <EcartMesureIndiv>  1.0 </EcartMesureIndiv>
                                 <Show> eNSM_Indiv     </Show>
                                 <NbMax>   100    </NbMax>
                                  <EcartMax> 15 </EcartMax>
                                  <SigmaPond> 5 </SigmaPond>
                                  <ModePonderation> eL1Secured </ModePonderation>
                              </Pond>
                           </ObsLiaisons>
		    </SectionObservations>
	      </EtapeCompensation>
	</SectionCompensation>
   </ParamApero>
</Global>

