<Global
    Subst="@$#1"
    NameDecl="@$#1"
    PatChap="img_(269[0-9]|27[0-6][0-9]|277[0-4])_MpDcraw8B_GR.tif"
>
   <ParamApero>



       <SectionBDD_Observation>
             <BDD_PtsLiaisons>
                 <Id>    Id_Pastis_Hom  </Id>
                 <KeySet> Key-Set-HomolPastisBin  </KeySet>
                 <UseAsPtMultiple> true </UseAsPtMultiple>
                 <KeyAssoc>  Key-Assoc-CpleIm2HomolPastisBin   </KeyAssoc>
             </BDD_PtsLiaisons>
             <BDD_Orient>
                  <Id>  IdOrInit</Id>
                  <KeySet> Key-Set-All-OrInit </KeySet>
                  <KeyAssoc>  Key-Assoc-Im2OrInit </KeyAssoc>
             </BDD_Orient>
       </SectionBDD_Observation>

       <SectionInconnues>

             <CalibrationCameraInc>
                   <Name> TheKeyCalib </Name>
                   <CalValueInit>
                       <CalFromFileExtern>
		           <NameFile>    Orient/AutoCalibVillesavin-Cannon15.xml </NameFile>
			   <NameTag>    CalibrationInternConique </NameTag>
                       </CalFromFileExtern>
                   </CalValueInit>
              </CalibrationCameraInc>

              <PoseCameraInc>
	           <PatternName>  ^${PatChap} </PatternName>
	           <CalcNameCalib>  TheKeyCalib </CalcNameCalib>
                   <PosValueInit>
	               <PosFromBDOrient> IdOrInit </PosFromBDOrient>
                   </PosValueInit>
              </PoseCameraInc>

        </SectionInconnues>


        <SectionChantier>
	     <DirectoryChantier> ThisDir
             </DirectoryChantier>
        </SectionChantier>

        <SectionSolveur>
	      <ModeResolution> eSysPlein </ModeResolution> 
        </SectionSolveur>


	<SectionCompensation>
	      <EtapeCompensation>
                    <IterationsCompensation>
		       <SectionContraintes>

		          <ContraintesCamerasInc>
		              <Val> eLiberteFocale_0  </Val>
		              <Val> eLib_PP_CD_00     </Val>
		              <Val> eLiberte_DR0      </Val>
                              <Val> eLiberte_Dec0      </Val>
                              <Val> eLiberteParamDeg_0 </Val>

		          </ContraintesCamerasInc>

		          <ContraintesPoses>
                             <ByPattern> true </ByPattern>
			     <NamePose>   ${PatChap}  </NamePose>
			     <Val>      ePoseFigee   </Val>
		          </ContraintesPoses>

		       </SectionContraintes>
                          <BasculeOrientation >
                               <PatternNameEstim> img_2721_MpDcraw8B_GR.tif  </PatternNameEstim>
                               <ModeBascule>
                                   <BasculeLiaisonOnPlan >
                                       <KeyCalculMasq>  Key-Assoc-Std-Masq-Image </KeyCalculMasq>
                                       <IdBdl >Id_Pastis_Hom </IdBdl>
                                       <Pond>
                                          <EcartMesureIndiv>  1.0 </EcartMesureIndiv>
                                          <Show> eNSM_Paquet     </Show>
                                          <NbMax>   100    </NbMax>
                                          <ModePonderation>  eL1Secured </ModePonderation>
                                          <SigmaPond> 2.0 </SigmaPond>
                                          <EcartMax> 5.0 </EcartMax>
                                       </Pond>
                                   </BasculeLiaisonOnPlan>
                               </ModeBascule>
                          </BasculeOrientation>

                    </IterationsCompensation>

		    <SectionObservations>
		    </SectionObservations>


                    <SectionExport>
                        <ExportPose>
                            <PatternSel> (.*).tif </PatternSel>
                            <KeyAssoc>  Key-Assoc-Im2OrFinale </KeyAssoc>
                            <AddCalib>  true </AddCalib>
			    <NbVerif>  10 </NbVerif>
			    <TolWhenVerif> 1e-3 </TolWhenVerif>
                            <FileExtern> Orient/Grid2-Calib-FE-Plaf.xml </FileExtern>
                        </ExportPose>
                        <ExportCalib>
                             <KeyAssoc> Orient/Grid2-Calib-FE-Plaf.xml </KeyAssoc>
                             <KeyIsName> true </KeyIsName>
                             <ExportAsNewGrid>
                                 <Step> 30 30  </Step>
                                 <RayonInv> 2800 </RayonInv>
                              </ExportAsNewGrid>
                        </ExportCalib>

                    </SectionExport>

	      </EtapeCompensation>
	</SectionCompensation>

   </ParamApero>
</Global>

